TN:
SF:config.js
FNF:0
FNH:0
DA:1,1
LF:1
LH:1
BRF:0
BRH:0
end_of_record
TN:
SF:lib\axios.js
FN:14,setToken
FN:16,_setToken
FN:23,getToken
FN:25,_getToken
FN:47,signIn
FN:50,_signIn
FN:75,signUp
FN:77,_signUp
FN:102,fetchProfileData
FN:103,_fetchProfileData
FN:116,updateProfileData
FN:117,_updateProfileData
FN:133,deleteUserById
FN:135,_deleteUserById
FN:148,getIdFromJwt
FN:148,_getIdFromJwt
FN:163,addFriend
FN:164,_addFriend
FN:188,getAllFriendsByUserId
FN:189,_getAllFriendsByUserId
FNF:20
FNH:4
FNDA:1,setToken
FNDA:1,_setToken
FNDA:2,getToken
FNDA:1,_getToken
FNDA:0,signIn
FNDA:0,_signIn
FNDA:0,signUp
FNDA:0,_signUp
FNDA:0,fetchProfileData
FNDA:0,_fetchProfileData
FNDA:0,updateProfileData
FNDA:0,_updateProfileData
FNDA:0,deleteUserById
FNDA:0,_deleteUserById
FNDA:0,getIdFromJwt
FNDA:0,_getIdFromJwt
FNDA:0,addFriend
FNDA:0,_addFriend
FNDA:0,getAllFriendsByUserId
FNDA:0,_getAllFriendsByUserId
DA:1,1
DA:2,1
DA:3,1
DA:4,1
DA:5,1
DA:6,1
DA:7,1
DA:8,1
DA:9,1
DA:10,1
DA:11,1
DA:12,1
DA:13,1
DA:14,1
DA:15,1
DA:16,1
DA:17,1
DA:18,1
DA:19,1
DA:20,0
DA:21,0
DA:22,1
DA:23,2
DA:24,2
DA:25,1
DA:26,2
DA:27,2
DA:28,2
DA:29,0
DA:30,0
DA:31,0
DA:32,2
DA:33,1
DA:34,1
DA:35,1
DA:36,1
DA:37,1
DA:38,1
DA:39,0
DA:40,0
DA:41,1
DA:42,1
DA:43,1
DA:44,0
DA:45,0
DA:46,1
DA:47,0
DA:48,0
DA:49,0
DA:50,1
DA:51,0
DA:52,0
DA:53,0
DA:54,0
DA:55,0
DA:56,0
DA:57,0
DA:58,0
DA:59,0
DA:60,0
DA:61,0
DA:62,0
DA:63,0
DA:64,0
DA:65,0
DA:66,0
DA:67,0
DA:68,0
DA:69,0
DA:70,0
DA:71,0
DA:72,0
DA:73,0
DA:74,0
DA:75,0
DA:76,0
DA:77,1
DA:78,0
DA:79,0
DA:80,0
DA:81,0
DA:82,0
DA:83,0
DA:84,0
DA:85,0
DA:86,0
DA:87,0
DA:88,0
DA:89,0
DA:90,0
DA:91,0
DA:92,0
DA:93,0
DA:94,0
DA:95,0
DA:96,0
DA:97,0
DA:98,0
DA:99,0
DA:100,0
DA:101,0
DA:102,0
DA:103,1
DA:104,0
DA:105,0
DA:106,0
DA:107,0
DA:108,0
DA:109,0
DA:110,0
DA:111,0
DA:112,0
DA:113,0
DA:114,0
DA:115,0
DA:116,0
DA:117,1
DA:118,0
DA:119,0
DA:120,0
DA:121,0
DA:122,0
DA:123,0
DA:124,0
DA:125,0
DA:126,0
DA:127,0
DA:128,0
DA:129,0
DA:130,0
DA:131,0
DA:132,0
DA:133,0
DA:134,0
DA:135,1
DA:136,0
DA:137,0
DA:138,0
DA:139,0
DA:140,0
DA:141,0
DA:142,0
DA:143,0
DA:144,0
DA:145,0
DA:146,0
DA:147,0
DA:148,1
DA:149,0
DA:150,0
DA:151,0
DA:152,0
DA:153,0
DA:154,0
DA:155,0
DA:156,0
DA:157,0
DA:158,0
DA:159,0
DA:160,0
DA:161,0
DA:162,0
DA:163,0
DA:164,1
DA:165,0
DA:166,0
DA:167,0
DA:168,0
DA:169,0
DA:170,0
DA:171,0
DA:172,0
DA:173,0
DA:174,0
DA:175,0
DA:176,0
DA:177,0
DA:178,1
DA:179,1
DA:180,1
DA:181,1
DA:182,0
DA:183,0
DA:184,0
DA:185,0
DA:186,0
DA:187,1
DA:188,0
DA:189,1
DA:190,0
DA:191,0
DA:192,0
DA:193,0
DA:194,0
DA:195,0
DA:196,0
DA:197,0
DA:198,1
DA:199,1
DA:200,0
DA:201,0
DA:202,0
DA:203,0
DA:204,0
DA:205,0
DA:206,0
DA:207,0
DA:208,0
DA:209,0
DA:210,0
DA:211,0
DA:212,0
DA:213,0
DA:214,0
DA:215,0
DA:216,0
DA:217,0
DA:218,0
LF:218
LH:52
BRDA:14,0,0,1
BRDA:16,1,0,1
BRDA:16,2,0,1
BRDA:19,3,0,0
BRDA:23,4,0,2
BRDA:25,5,0,1
BRDA:25,6,0,2
BRDA:28,7,0,0
BRDA:35,8,0,1
BRDA:36,9,0,1
BRDA:38,10,0,0
BRDA:42,11,0,1
BRDA:179,12,0,1
BRDA:179,13,0,1
BRDA:181,14,0,0
BRDA:199,15,0,1
BRF:16
BRH:12
end_of_record
